Using pre-set license
Built from '2020.2/release' branch; Version is '2020.2.0f1 (3721df5a8b28) revision 3613151'; Using compiler version '192528614'; Build Type 'Release'
OS: 'Windows 10  (10.0.0) 64bit' Language: 'en' Physical Memory: 12109 MB
BatchMode: 1, IsHumanControllingUs: 0, StartBugReporterOnCrash: 0, Is64bit: 1, IsPro: 0

 COMMAND LINE ARGUMENTS:
C:\Program Files\Unity\Hub\Editor\2020.2.0f1\Editor\Unity.exe
-adb2
-batchMode
-noUpm
-name
AssetImportWorker0
-projectPath
C:/Users/Admin PC/Desktop/Pinball/GAME3002_A2_Pinball
-logFile
Logs/AssetImportWorker0.log
-srvPort
50730
Successfully changed project path to: C:/Users/Admin PC/Desktop/Pinball/GAME3002_A2_Pinball
C:/Users/Admin PC/Desktop/Pinball/GAME3002_A2_Pinball
Using Asset Import Pipeline V2.
Refreshing native plugins compatible for Editor in 23.86 ms, found 0 plugins.
Preloading 0 native plugins for Editor in 0.00 ms.
Initialize engine version: 2020.2.0f1 (3721df5a8b28)
[Subsystems] Discovering subsystems at path C:/Program Files/Unity/Hub/Editor/2020.2.0f1/Editor/Data/Resources/UnitySubsystems
[Subsystems] Discovering subsystems at path C:/Users/Admin PC/Desktop/Pinball/GAME3002_A2_Pinball/Assets
GfxDevice: creating device client; threaded=0
Direct3D:
    Version:  Direct3D 11.0 [level 11.0]
    Renderer: NVIDIA GeForce GTX 745 (ID=0x1382)
    Vendor:   
    VRAM:     4053 MB
    Driver:   27.21.14.6109
Initialize mono
Mono path[0] = 'C:/Program Files/Unity/Hub/Editor/2020.2.0f1/Editor/Data/Managed'
Mono path[1] = 'C:/Program Files/Unity/Hub/Editor/2020.2.0f1/Editor/Data/MonoBleedingEdge/lib/mono/unityjit'
Mono config path = 'C:/Program Files/Unity/Hub/Editor/2020.2.0f1/Editor/Data/MonoBleedingEdge/etc'
Using monoOptions --debugger-agent=transport=dt_socket,embedding=1,server=y,suspend=n,address=127.0.0.1:56188
Begin MonoManager ReloadAssembly
Registering precompiled unity dll's ...
Register platform support module: C:/Program Files/Unity/Hub/Editor/2020.2.0f1/Editor/Data/PlaybackEngines/WindowsStandaloneSupport/UnityEditor.WindowsStandalone.Extensions.dll
Registered in 0.003432 seconds.
Native extension for WindowsStandalone target not found
Refreshing native plugins compatible for Editor in 22.44 ms, found 0 plugins.
Preloading 0 native plugins for Editor in 0.00 ms.
Invoked RoslynAnalysisRunner static constructor.
RoslynAnalysisRunner will not be running.
RoslynAnalysisRunner has terminated.
Mono: successfully reloaded assembly
- Completed reload, in  1.253 seconds
Platform modules already initialized, skipping
Registering precompiled user dll's ...
Registered in 0.000976 seconds.
Begin MonoManager ReloadAssembly
Native extension for WindowsStandalone target not found
Refreshing native plugins compatible for Editor in 0.19 ms, found 0 plugins.
Preloading 0 native plugins for Editor in 0.00 ms.
Invoked RoslynAnalysisRunner static constructor.
RoslynAnalysisRunner will not be running.
RoslynAnalysisRunner has terminated.
Mono: successfully reloaded assembly
- Completed reload, in  0.859 seconds
Platform modules already initialized, skipping
========================================================================
Worker process is ready to serve import requests
Launched and connected shader compiler UnityShaderCompiler.exe after 0.05 seconds
Refreshing native plugins compatible for Editor in 0.19 ms, found 0 plugins.
Preloading 0 native plugins for Editor in 0.00 ms.
Unloading 1115 Unused Serialized files (Serialized files now loaded: 0)
System memory in use before: 61.2 MB.
System memory in use after: 61.3 MB.

Unloading 9 unused Assets to reduce memory usage. Loaded Objects now: 1567.
Total: 1.954300 ms (FindLiveObjects: 0.167200 ms CreateObjectMapping: 0.081100 ms MarkObjects: 1.586600 ms  DeleteObjects: 0.118300 ms)

========================================================================
Received Import Request.
  path: Assets/Textures/IconPlanetPinball.JPG
  artifactKey: Guid(57783c8e7ccf25447ac92d3bf32d5bb7) Importer(815301076,1909f56bfc062723c751e8b465ee728b)
Start importing Assets/Textures/IconPlanetPinball.JPG using Guid(57783c8e7ccf25447ac92d3bf32d5bb7) Importer(815301076,1909f56bfc062723c751e8b465ee728b)  -> (artifact id: '9fe99ca7f443bdc9dff76bb3d4be75e0') in 0.096599 seconds
  Import took 0.098513 seconds .

========================================================================
Received Import Request.
  Time since last request: 225.928962 seconds.
  path: Assets/Textures/IconPlanetPinball.png
  artifactKey: Guid(463363a1c6911d84181f1bc7671b12bb) Importer(815301076,1909f56bfc062723c751e8b465ee728b)
Start importing Assets/Textures/IconPlanetPinball.png using Guid(463363a1c6911d84181f1bc7671b12bb) Importer(815301076,1909f56bfc062723c751e8b465ee728b)  -> (artifact id: 'e46d0e314099c44402a9acb4bc2f2e75') in 0.037222 seconds
  Import took 0.039593 seconds .

========================================================================
Received Import Request.
  Time since last request: 54.190780 seconds.
  path: Assets/Textures/IconPlanetPinball.png
  artifactKey: Guid(463363a1c6911d84181f1bc7671b12bb) Importer(815301076,1909f56bfc062723c751e8b465ee728b)
Start importing Assets/Textures/IconPlanetPinball.png using Guid(463363a1c6911d84181f1bc7671b12bb) Importer(815301076,1909f56bfc062723c751e8b465ee728b)  -> (artifact id: '4618325020c11aaebe310a3db5ed59ed') in 0.058100 seconds
  Import took 0.060633 seconds .

========================================================================
Received Import Request.
  Time since last request: 462.034235 seconds.
  path: Assets/Textures/IconPlanetPinball.png
  artifactKey: Guid(463363a1c6911d84181f1bc7671b12bb) Importer(815301076,1909f56bfc062723c751e8b465ee728b)
Start importing Assets/Textures/IconPlanetPinball.png using Guid(463363a1c6911d84181f1bc7671b12bb) Importer(815301076,1909f56bfc062723c751e8b465ee728b)  -> (artifact id: 'ca941e3ce8a4ff07bcce0701a30fee60') in 0.014741 seconds
  Import took 0.017164 seconds .

========================================================================
Received Import Request.
  Time since last request: 240.453834 seconds.
  path: Assets/Textures/IconPlanetPinball.JPG
  artifactKey: Guid(57783c8e7ccf25447ac92d3bf32d5bb7) Importer(815301076,1909f56bfc062723c751e8b465ee728b)
Start importing Assets/Textures/IconPlanetPinball.JPG using Guid(57783c8e7ccf25447ac92d3bf32d5bb7) Importer(815301076,1909f56bfc062723c751e8b465ee728b)  -> (artifact id: 'b0dbc82ef654a279c96c58e65abcac4f') in 0.021060 seconds
  Import took 0.023775 seconds .

========================================================================
Received Prepare
Refreshing native plugins compatible for Editor in 0.86 ms, found 0 plugins.
Preloading 0 native plugins for Editor in 0.00 ms.
Unloading 3 Unused Serialized files (Serialized files now loaded: 0)
System memory in use before: 42.0 MB.
System memory in use after: 42.1 MB.

Unloading 3 unused Assets to reduce memory usage. Loaded Objects now: 1573.
Total: 4.834900 ms (FindLiveObjects: 0.161400 ms CreateObjectMapping: 0.035300 ms MarkObjects: 4.564300 ms  DeleteObjects: 0.071800 ms)

========================================================================
Received Prepare
Refreshing native plugins compatible for Editor in 1.43 ms, found 0 plugins.
Preloading 0 native plugins for Editor in 0.00 ms.
Unloading 3 Unused Serialized files (Serialized files now loaded: 0)
System memory in use before: 42.9 MB.
System memory in use after: 43.0 MB.

Unloading 3 unused Assets to reduce memory usage. Loaded Objects now: 1573.
Total: 3.401500 ms (FindLiveObjects: 0.179000 ms CreateObjectMapping: 0.044900 ms MarkObjects: 3.101600 ms  DeleteObjects: 0.074300 ms)

========================================================================
Received Prepare
Registering precompiled user dll's ...
Registered in 0.000932 seconds.
Begin MonoManager ReloadAssembly
Native extension for WindowsStandalone target not found
Refreshing native plugins compatible for Editor in 0.20 ms, found 0 plugins.
Preloading 0 native plugins for Editor in 0.00 ms.
Invoked RoslynAnalysisRunner static constructor.
RoslynAnalysisRunner will not be running.
RoslynAnalysisRunner has terminated.
Mono: successfully reloaded assembly
- Completed reload, in  0.890 seconds
Platform modules already initialized, skipping
Refreshing native plugins compatible for Editor in 0.27 ms, found 0 plugins.
Preloading 0 native plugins for Editor in 0.00 ms.
Unloading 1097 Unused Serialized files (Serialized files now loaded: 0)
System memory in use before: 64.9 MB.
System memory in use after: 65.0 MB.

Unloading 5 unused Assets to reduce memory usage. Loaded Objects now: 1575.
Total: 2.116700 ms (FindLiveObjects: 0.360400 ms CreateObjectMapping: 0.098900 ms MarkObjects: 1.543900 ms  DeleteObjects: 0.112200 ms)

========================================================================
Received Import Request.
  Time since last request: 2389.768592 seconds.
  path: Assets/Scenes/GameScene.unity
  artifactKey: Guid(9fc0d4010bbf28b4594072e72b8655ab) Importer(815301076,1909f56bfc062723c751e8b465ee728b)
Start importing Assets/Scenes/GameScene.unity using Guid(9fc0d4010bbf28b4594072e72b8655ab) Importer(815301076,1909f56bfc062723c751e8b465ee728b)  -> (artifact id: '28f09e5305a9ed23173796c20a3214d2') in 0.017688 seconds
  Import took 0.019721 seconds .

========================================================================
Received Import Request.
  Time since last request: 2.964231 seconds.
  path: Assets/Scenes/MainMenuScene.unity
  artifactKey: Guid(7c7251e4430fb5549a8635d63a5714c9) Importer(815301076,1909f56bfc062723c751e8b465ee728b)
Start importing Assets/Scenes/MainMenuScene.unity using Guid(7c7251e4430fb5549a8635d63a5714c9) Importer(815301076,1909f56bfc062723c751e8b465ee728b)  -> (artifact id: '5a535b8a684540e7e598238d61e29076') in 0.006922 seconds
  Import took 0.009400 seconds .

========================================================================
Received Prepare
Registering precompiled user dll's ...
Registered in 0.000852 seconds.
Begin MonoManager ReloadAssembly
Native extension for WindowsStandalone target not found
Refreshing native plugins compatible for Editor in 0.20 ms, found 0 plugins.
Preloading 0 native plugins for Editor in 0.00 ms.
Invoked RoslynAnalysisRunner static constructor.
RoslynAnalysisRunner will not be running.
RoslynAnalysisRunner has terminated.
Mono: successfully reloaded assembly
- Completed reload, in  0.774 seconds
Platform modules already initialized, skipping
Refreshing native plugins compatible for Editor in 0.23 ms, found 0 plugins.
Preloading 0 native plugins for Editor in 0.00 ms.
Unloading 1097 Unused Serialized files (Serialized files now loaded: 0)
System memory in use before: 64.9 MB.
System memory in use after: 65.0 MB.

Unloading 5 unused Assets to reduce memory usage. Loaded Objects now: 1577.
Total: 2.066000 ms (FindLiveObjects: 0.151100 ms CreateObjectMapping: 0.037500 ms MarkObjects: 1.804100 ms  DeleteObjects: 0.072300 ms)

========================================================================
Received Prepare
Registering precompiled user dll's ...
Registered in 0.000892 seconds.
Begin MonoManager ReloadAssembly
Native extension for WindowsStandalone target not found
Refreshing native plugins compatible for Editor in 0.25 ms, found 0 plugins.
Preloading 0 native plugins for Editor in 0.00 ms.
Invoked RoslynAnalysisRunner static constructor.
RoslynAnalysisRunner will not be running.
RoslynAnalysisRunner has terminated.
Mono: successfully reloaded assembly
- Completed reload, in  0.793 seconds
Platform modules already initialized, skipping
Refreshing native plugins compatible for Editor in 0.24 ms, found 0 plugins.
Preloading 0 native plugins for Editor in 0.00 ms.
Unloading 1097 Unused Serialized files (Serialized files now loaded: 0)
System memory in use before: 65.0 MB.
System memory in use after: 65.0 MB.

Unloading 5 unused Assets to reduce memory usage. Loaded Objects now: 1579.
Total: 2.133100 ms (FindLiveObjects: 0.312100 ms CreateObjectMapping: 0.064800 ms MarkObjects: 1.624500 ms  DeleteObjects: 0.129800 ms)

========================================================================
Received Prepare
Registering precompiled user dll's ...
Registered in 0.000832 seconds.
Begin MonoManager ReloadAssembly
Native extension for WindowsStandalone target not found
Refreshing native plugins compatible for Editor in 0.20 ms, found 0 plugins.
Preloading 0 native plugins for Editor in 0.00 ms.
Invoked RoslynAnalysisRunner static constructor.
RoslynAnalysisRunner will not be running.
RoslynAnalysisRunner has terminated.
Mono: successfully reloaded assembly
- Completed reload, in  0.770 seconds
Platform modules already initialized, skipping
Refreshing native plugins compatible for Editor in 0.31 ms, found 0 plugins.
Preloading 0 native plugins for Editor in 0.00 ms.
Unloading 1097 Unused Serialized files (Serialized files now loaded: 0)
System memory in use before: 65.0 MB.
System memory in use after: 65.0 MB.

Unloading 5 unused Assets to reduce memory usage. Loaded Objects now: 1581.
Total: 2.094700 ms (FindLiveObjects: 0.297500 ms CreateObjectMapping: 0.082600 ms MarkObjects: 1.628300 ms  DeleteObjects: 0.084700 ms)

========================================================================
Received Prepare
Registering precompiled user dll's ...
Registered in 0.000859 seconds.
Begin MonoManager ReloadAssembly
Native extension for WindowsStandalone target not found
Refreshing native plugins compatible for Editor in 0.20 ms, found 0 plugins.
Preloading 0 native plugins for Editor in 0.00 ms.
Invoked RoslynAnalysisRunner static constructor.
RoslynAnalysisRunner will not be running.
RoslynAnalysisRunner has terminated.
Mono: successfully reloaded assembly
- Completed reload, in  0.800 seconds
Platform modules already initialized, skipping
Refreshing native plugins compatible for Editor in 0.23 ms, found 0 plugins.
Preloading 0 native plugins for Editor in 0.00 ms.
Unloading 1097 Unused Serialized files (Serialized files now loaded: 0)
System memory in use before: 64.8 MB.
System memory in use after: 64.9 MB.

Unloading 5 unused Assets to reduce memory usage. Loaded Objects now: 1583.
Total: 2.008300 ms (FindLiveObjects: 0.203100 ms CreateObjectMapping: 0.041600 ms MarkObjects: 1.649700 ms  DeleteObjects: 0.112900 ms)

AssetImportWorkerClient::OnTransportError - code=2 error=End of file
